{"level":"info","message":"Cannot read properties of undefined (reading 'lat')","timestamp":"2022-09-14T12:42:25.297Z"}
{"level":"info","message":"response received from api","timestamp":"2022-09-14T12:47:34.519Z"}
{"level":"info","message":"Cannot read properties of undefined (reading 'lat')","timestamp":"2022-09-14T12:52:53.143Z"}
{"level":"info","message":"Cannot read properties of undefined (reading 'lat')","timestamp":"2022-09-14T12:55:53.390Z"}
{"level":"info","message":"User updated successfully","timestamp":"2022-09-15T07:30:45.775Z"}
{"level":"info","message":"User updated successfully","timestamp":"2022-09-15T07:32:51.510Z"}
{"level":"info","message":"User updated successfully","timestamp":"2022-09-15T07:37:36.986Z"}
{"level":"info","message":"Users validation failed: username: Path `username` is required.","timestamp":"2022-09-15T07:38:44.725Z"}
{"level":"info","message":"User added successfully","timestamp":"2022-09-15T07:40:06.119Z"}
{"level":"info","message":"User updated successfully","timestamp":"2022-09-15T07:40:46.903Z"}
{"level":"info","message":"User updated successfully","timestamp":"2022-09-15T07:41:17.607Z"}
{"level":"info","message":"User deleted successfully","timestamp":"2022-09-15T07:42:53.198Z"}
{"level":"info","message":"User added successfully","timestamp":"2022-09-15T07:43:12.343Z"}
{"level":"info","message":"loginController","timestamp":"2022-09-15T08:29:08.605Z"}
{"level":"info","message":"loginController","timestamp":"2022-09-15T08:29:49.257Z"}
{"level":"info","message":"loginController","timestamp":"2022-09-15T08:30:11.853Z"}
{"level":"info","message":"loginController","timestamp":"2022-09-15T08:30:42.861Z"}
{"level":"info","message":"loginController","timestamp":"2022-09-15T08:30:56.582Z"}
{"level":"info","message":"loginController","timestamp":"2022-09-15T09:31:43.026Z"}
{"level":"info","message":"loginController","timestamp":"2022-09-15T09:33:02.599Z"}
{"level":"info","message":"response received from api","timestamp":"2022-09-16T07:25:37.085Z"}
{"level":"info","message":"loginController","timestamp":"2022-09-16T14:15:24.977Z"}
{"level":"info","message":"Unexpected token \n in JSON at position 24","timestamp":"2022-09-16T14:17:06.906Z"}
{"level":"info","message":"loginController","timestamp":"2022-09-16T14:17:26.747Z"}
{"level":"info","message":"loginController","timestamp":"2022-09-16T14:18:00.386Z"}
{"level":"info","message":"Unexpected token \n in JSON at position 24","timestamp":"2022-09-16T14:18:22.593Z"}
{"level":"info","message":"loginController","timestamp":"2022-09-16T14:18:27.434Z"}
{"level":"info","message":"loginController","timestamp":"2022-09-16T14:19:21.272Z"}
{"level":"info","message":"loginController","timestamp":"2022-09-16T14:20:20.542Z"}
{"level":"info","message":"loginController","timestamp":"2022-09-16T14:20:44.591Z"}
{"level":"info","message":"loginController","timestamp":"2022-09-19T06:12:11.501Z"}
{"level":"info","message":"loginController","timestamp":"2022-09-19T06:14:19.835Z"}
{"level":"info","message":"loginController","timestamp":"2022-09-19T06:20:06.820Z"}
{"level":"info","message":"loginController","timestamp":"2022-09-19T06:21:57.396Z"}
{"level":"info","message":"loginController","timestamp":"2022-09-19T06:23:02.274Z"}
{"level":"info","message":"loginController","timestamp":"2022-09-19T06:36:00.170Z"}
{"level":"info","message":"loginController","timestamp":"2022-09-19T06:40:32.236Z"}
{"level":"info","message":"loginController","timestamp":"2022-09-19T06:41:49.400Z"}
{"level":"info","message":"loginController","timestamp":"2022-09-19T06:42:39.438Z"}
{"level":"info","message":"loginController","timestamp":"2022-09-19T06:46:48.387Z"}
{"level":"info","message":"loginController","timestamp":"2022-09-19T06:47:38.289Z"}
{"level":"info","message":"loginController","timestamp":"2022-09-19T06:48:12.756Z"}
